<?xml version="1.0" encoding="UTF-8"?>
<!-- Generated by org.testng.reporters.JUnitReportReporter -->
<testsuite hostname="LAPTOP-UD4LBO6R" failures="0" tests="2" name="qaclickacademy.RestAPITest" time="0.010" errors="0" timestamp="2020-04-13T05:50:48 PDT" skipped="0">
  <testcase classname="qaclickacademy.RestAPITest" name="restAPITestcase2" time="0.001"/>
  <system-out/>
  <testcase classname="qaclickacademy.RestAPITest" name="restAPITestcase1" time="0.009"/>
  <system-out/>
</testsuite> <!-- qaclickacademy.RestAPITest -->
