<?xml version="1.0" encoding="UTF-8"?>
<!-- Generated by org.testng.reporters.JUnitReportReporter -->
<testsuite hostname="LAPTOP-UD4LBO6R" failures="0" tests="2" name="qaclickacademy.AppuimTest" time="0.010" errors="0" timestamp="2020-04-13T05:51:24 PDT" skipped="0">
  <testcase classname="qaclickacademy.AppuimTest" name="iOSTestcase" time="0.002"/>
  <system-out/>
  <testcase classname="qaclickacademy.AppuimTest" name="androidTestcase" time="0.008"/>
  <system-out/>
</testsuite> <!-- qaclickacademy.AppuimTest -->
