<?xml version="1.0" encoding="UTF-8"?>
<!-- Generated by org.testng.reporters.JUnitReportReporter -->
<testsuite hostname="LAPTOP-UD4LBO6R" failures="0" tests="2" name="qaclickacademy.SeleniumTest" time="0.009" errors="0" timestamp="2020-04-13T05:51:57 PDT" skipped="0">
  <testcase classname="qaclickacademy.SeleniumTest" name="webelementsUi" time="0.001"/>
  <system-out/>
  <testcase classname="qaclickacademy.SeleniumTest" name="browserAutomation" time="0.008"/>
  <system-out/>
</testsuite> <!-- qaclickacademy.SeleniumTest -->
