<?xml version="1.0" encoding="UTF-8"?>
<!-- Generated by org.testng.reporters.JUnitReportReporter -->
<testsuite hostname="LAPTOP-UD4LBO6R" failures="0" tests="2" name="qaclickacademy.TestSelenium" time="0.005" errors="0" timestamp="2020-04-14T01:14:12 PDT" skipped="0">
  <testcase classname="qaclickacademy.TestSelenium" name="webelementsUi" time="0.000"/>
  <system-out/>
  <testcase classname="qaclickacademy.TestSelenium" name="browserAutomation" time="0.005"/>
  <system-out/>
</testsuite> <!-- qaclickacademy.TestSelenium -->
