<?xml version="1.0" encoding="UTF-8"?>
<!-- Generated by org.testng.reporters.JUnitReportReporter -->
<testsuite hostname="LAPTOP-UD4LBO6R" failures="0" tests="2" name="qaclickacademy.RestAPITest" time="0.000" errors="0" timestamp="2020-04-14T01:14:12 PDT" skipped="0">
  <testcase classname="qaclickacademy.RestAPITest" name="restAPITestcase1" time="0.000"/>
  <system-out/>
  <testcase classname="qaclickacademy.RestAPITest" name="restAPITestcase2" time="0.000"/>
  <system-out/>
</testsuite> <!-- qaclickacademy.RestAPITest -->
