<?xml version="1.0" encoding="UTF-8"?>
<!-- Generated by org.testng.reporters.JUnitReportReporter -->
<testsuite hostname="LAPTOP-UD4LBO6R" failures="0" tests="2" name="qaclickacademy.AppuimTest" time="0.004" errors="0" timestamp="2020-04-14T01:11:24 PDT" skipped="0">
  <testcase classname="qaclickacademy.AppuimTest" name="iOSTestcase" time="0.000"/>
  <system-out/>
  <testcase classname="qaclickacademy.AppuimTest" name="androidTestcase" time="0.004"/>
  <system-out/>
</testsuite> <!-- qaclickacademy.AppuimTest -->
